1680792015444	geckodriver	INFO	Listening on 127.0.0.1:50437
1680792015521	mozrunner::runner	INFO	Running command: MOZ_CRASHREPORTER="1" MOZ_CRASHREPORTER_NO_REPORT="1" MOZ_CRASHREPORTER_SHUTDOWN="1" MOZ_NO_REMOTE="1" "/App ... s" "localhost" "-foreground" "-no-remote" "-profile" "/var/folders/cw/xjzyfy5n66j891gn5v5jrth80000gn/T/rust_mozprofileVLVJJ6"
*** You are running in headless mode.
console.warn: services.settings: Ignoring preference override of remote settings server
console.warn: services.settings: Allow by setting MOZ_REMOTE_SETTINGS_DEVTOOLS=1 in the environment
1680792016002	Marionette	INFO	Marionette enabled
1680792016098	Marionette	INFO	Listening on port 50448
Read port: 50448
console.error: "Warning: unrecognized command line flag -remote-allow-hosts\n"
WebDriver BiDi listening on ws://127.0.0.1:50438
1680792016824	RemoteAgent	WARN	TLS certificate errors will be ignored for this session
[GFX1-]: RenderCompositorSWGL failed mapping default framebuffer, no dt
console.warn: SearchSettings: "get: No settings file exists, new profile?" (new NotFoundError("Could not open the file at /var/folders/cw/xjzyfy5n66j891gn5v5jrth80000gn/T/rust_mozprofileVLVJJ6/search.json.mozlz4", (void 0)))
DevTools listening on ws://127.0.0.1:50438/devtools/browser/7a5500f9-69fe-400b-a9ee-971da94be5da
Exiting due to channel error.
Exiting due to channel error.
Exiting due to channel error.
Exiting due to channel error.
Exiting due to channel error.
1680792039746	geckodriver	INFO	Listening on 127.0.0.1:50483
1680792040258	mozrunner::runner	INFO	Running command: MOZ_CRASHREPORTER="1" MOZ_CRASHREPORTER_NO_REPORT="1" MOZ_CRASHREPORTER_SHUTDOWN="1" MOZ_NO_REMOTE="1" "/App ... s" "localhost" "-foreground" "-no-remote" "-profile" "/var/folders/cw/xjzyfy5n66j891gn5v5jrth80000gn/T/rust_mozprofile0fcV3d"
*** You are running in headless mode.
console.warn: services.settings: Ignoring preference override of remote settings server
console.warn: services.settings: Allow by setting MOZ_REMOTE_SETTINGS_DEVTOOLS=1 in the environment
1680792040670	Marionette	INFO	Marionette enabled
1680792040762	Marionette	INFO	Listening on port 50491
Read port: 50491
console.error: "Warning: unrecognized command line flag -remote-allow-hosts\n"
WebDriver BiDi listening on ws://127.0.0.1:50484
1680792041481	RemoteAgent	WARN	TLS certificate errors will be ignored for this session
[GFX1-]: RenderCompositorSWGL failed mapping default framebuffer, no dt
console.warn: SearchSettings: "get: No settings file exists, new profile?" (new NotFoundError("Could not open the file at /var/folders/cw/xjzyfy5n66j891gn5v5jrth80000gn/T/rust_mozprofile0fcV3d/search.json.mozlz4", (void 0)))
DevTools listening on ws://127.0.0.1:50484/devtools/browser/9a78a065-15aa-4a8e-a78e-6ea059e110d0
1680793248011	Marionette	INFO	Stopped listening on port 50491
1680793252693	geckodriver	INFO	Listening on 127.0.0.1:50822
1680793253206	mozrunner::runner	INFO	Running command: MOZ_CRASHREPORTER="1" MOZ_CRASHREPORTER_NO_REPORT="1" MOZ_CRASHREPORTER_SHUTDOWN="1" MOZ_NO_REMOTE="1" "/App ... s" "localhost" "-foreground" "-no-remote" "-profile" "/var/folders/cw/xjzyfy5n66j891gn5v5jrth80000gn/T/rust_mozprofile1mNbG4"
*** You are running in headless mode.
console.warn: services.settings: Ignoring preference override of remote settings server
console.warn: services.settings: Allow by setting MOZ_REMOTE_SETTINGS_DEVTOOLS=1 in the environment
1680793253633	Marionette	INFO	Marionette enabled
1680793253704	Marionette	INFO	Listening on port 50830
Read port: 50830
console.error: "Warning: unrecognized command line flag -remote-allow-hosts\n"
WebDriver BiDi listening on ws://127.0.0.1:50823
1680793254378	RemoteAgent	WARN	TLS certificate errors will be ignored for this session
[GFX1-]: RenderCompositorSWGL failed mapping default framebuffer, no dt
console.warn: SearchSettings: "get: No settings file exists, new profile?" (new NotFoundError("Could not open the file at /var/folders/cw/xjzyfy5n66j891gn5v5jrth80000gn/T/rust_mozprofile1mNbG4/search.json.mozlz4", (void 0)))
DevTools listening on ws://127.0.0.1:50823/devtools/browser/535d4ec6-abed-4a9b-8183-784c5a752ae9
1680793373254	Marionette	INFO	Stopped listening on port 50830
1680793375206	geckodriver	INFO	Listening on 127.0.0.1:50871
1680793375719	mozrunner::runner	INFO	Running command: MOZ_CRASHREPORTER="1" MOZ_CRASHREPORTER_NO_REPORT="1" MOZ_CRASHREPORTER_SHUTDOWN="1" MOZ_NO_REMOTE="1" "/App ... s" "localhost" "-foreground" "-no-remote" "-profile" "/var/folders/cw/xjzyfy5n66j891gn5v5jrth80000gn/T/rust_mozprofileE2k6BS"
*** You are running in headless mode.
console.warn: services.settings: Ignoring preference override of remote settings server
console.warn: services.settings: Allow by setting MOZ_REMOTE_SETTINGS_DEVTOOLS=1 in the environment
1680793376037	Marionette	INFO	Marionette enabled
1680793376099	Marionette	INFO	Listening on port 50878
Read port: 50878
console.error: "Warning: unrecognized command line flag -remote-allow-hosts\n"
WebDriver BiDi listening on ws://127.0.0.1:50872
1680793376772	RemoteAgent	WARN	TLS certificate errors will be ignored for this session
[GFX1-]: RenderCompositorSWGL failed mapping default framebuffer, no dt
console.warn: SearchSettings: "get: No settings file exists, new profile?" (new NotFoundError("Could not open the file at /var/folders/cw/xjzyfy5n66j891gn5v5jrth80000gn/T/rust_mozprofileE2k6BS/search.json.mozlz4", (void 0)))
DevTools listening on ws://127.0.0.1:50872/devtools/browser/4c5fe65c-d21f-4851-87b2-7cc1802f7879
1680793409583	Marionette	INFO	Stopped listening on port 50878
1680793411390	geckodriver	INFO	Listening on 127.0.0.1:50911
1680793411900	mozrunner::runner	INFO	Running command: MOZ_CRASHREPORTER="1" MOZ_CRASHREPORTER_NO_REPORT="1" MOZ_CRASHREPORTER_SHUTDOWN="1" MOZ_NO_REMOTE="1" "/App ... s" "localhost" "-foreground" "-no-remote" "-profile" "/var/folders/cw/xjzyfy5n66j891gn5v5jrth80000gn/T/rust_mozprofilexdP9c3"
*** You are running in headless mode.
console.warn: services.settings: Ignoring preference override of remote settings server
console.warn: services.settings: Allow by setting MOZ_REMOTE_SETTINGS_DEVTOOLS=1 in the environment
1680793412283	Marionette	INFO	Marionette enabled
1680793412341	Marionette	INFO	Listening on port 50918
console.error: "Warning: unrecognized command line flag -remote-allow-hosts\n"
Read port: 50918
WebDriver BiDi listening on ws://127.0.0.1:50912
1680793412914	RemoteAgent	WARN	TLS certificate errors will be ignored for this session
[GFX1-]: RenderCompositorSWGL failed mapping default framebuffer, no dt
console.warn: SearchSettings: "get: No settings file exists, new profile?" (new NotFoundError("Could not open the file at /var/folders/cw/xjzyfy5n66j891gn5v5jrth80000gn/T/rust_mozprofilexdP9c3/search.json.mozlz4", (void 0)))
DevTools listening on ws://127.0.0.1:50912/devtools/browser/8621a165-193a-46f4-a17a-cb6ad9ece8d3
1680793438416	Marionette	INFO	Stopped listening on port 50918
1680793474114	geckodriver	INFO	Listening on 127.0.0.1:50956
1680793474624	mozrunner::runner	INFO	Running command: MOZ_CRASHREPORTER="1" MOZ_CRASHREPORTER_NO_REPORT="1" MOZ_CRASHREPORTER_SHUTDOWN="1" MOZ_NO_REMOTE="1" "/App ... s" "localhost" "-foreground" "-no-remote" "-profile" "/var/folders/cw/xjzyfy5n66j891gn5v5jrth80000gn/T/rust_mozprofileHPgXNM"
*** You are running in headless mode.
console.warn: services.settings: Ignoring preference override of remote settings server
console.warn: services.settings: Allow by setting MOZ_REMOTE_SETTINGS_DEVTOOLS=1 in the environment
1680793474948	Marionette	INFO	Marionette enabled
1680793475008	Marionette	INFO	Listening on port 50963
Read port: 50963
console.error: "Warning: unrecognized command line flag -remote-allow-hosts\n"
WebDriver BiDi listening on ws://127.0.0.1:50957
1680793475573	RemoteAgent	WARN	TLS certificate errors will be ignored for this session
[GFX1-]: RenderCompositorSWGL failed mapping default framebuffer, no dt
console.warn: SearchSettings: "get: No settings file exists, new profile?" (new NotFoundError("Could not open the file at /var/folders/cw/xjzyfy5n66j891gn5v5jrth80000gn/T/rust_mozprofileHPgXNM/search.json.mozlz4", (void 0)))
DevTools listening on ws://127.0.0.1:50957/devtools/browser/c05755c9-baf5-48fb-9271-f70c21eb1444
1680793530119	Marionette	INFO	Stopped listening on port 50963
1680793769988	geckodriver	INFO	Listening on 127.0.0.1:51044
1680793770498	mozrunner::runner	INFO	Running command: MOZ_CRASHREPORTER="1" MOZ_CRASHREPORTER_NO_REPORT="1" MOZ_CRASHREPORTER_SHUTDOWN="1" MOZ_NO_REMOTE="1" "/App ... s" "localhost" "-foreground" "-no-remote" "-profile" "/var/folders/cw/xjzyfy5n66j891gn5v5jrth80000gn/T/rust_mozprofiletdy6tF"
*** You are running in headless mode.
console.warn: services.settings: Ignoring preference override of remote settings server
console.warn: services.settings: Allow by setting MOZ_REMOTE_SETTINGS_DEVTOOLS=1 in the environment
1680793770936	Marionette	INFO	Marionette enabled
1680793771010	Marionette	INFO	Listening on port 51051
console.error: "Warning: unrecognized command line flag -remote-allow-hosts\n"
Read port: 51051
WebDriver BiDi listening on ws://127.0.0.1:51045
1680793771611	RemoteAgent	WARN	TLS certificate errors will be ignored for this session
[GFX1-]: RenderCompositorSWGL failed mapping default framebuffer, no dt
console.warn: SearchSettings: "get: No settings file exists, new profile?" (new NotFoundError("Could not open the file at /var/folders/cw/xjzyfy5n66j891gn5v5jrth80000gn/T/rust_mozprofiletdy6tF/search.json.mozlz4", (void 0)))
DevTools listening on ws://127.0.0.1:51045/devtools/browser/0ea3a233-d9bf-4020-a1bf-cc0655209d72
1680793855854	Marionette	INFO	Stopped listening on port 51051
1680793857947	geckodriver	INFO	Listening on 127.0.0.1:51096
1680793858458	mozrunner::runner	INFO	Running command: MOZ_CRASHREPORTER="1" MOZ_CRASHREPORTER_NO_REPORT="1" MOZ_CRASHREPORTER_SHUTDOWN="1" MOZ_NO_REMOTE="1" "/App ... s" "localhost" "-foreground" "-no-remote" "-profile" "/var/folders/cw/xjzyfy5n66j891gn5v5jrth80000gn/T/rust_mozprofileMEA04q"
*** You are running in headless mode.
console.warn: services.settings: Ignoring preference override of remote settings server
console.warn: services.settings: Allow by setting MOZ_REMOTE_SETTINGS_DEVTOOLS=1 in the environment
1680793858983	Marionette	INFO	Marionette enabled
1680793859055	Marionette	INFO	Listening on port 51102
Read port: 51102
console.error: "Warning: unrecognized command line flag -remote-allow-hosts\n"
WebDriver BiDi listening on ws://127.0.0.1:51097
1680793859749	RemoteAgent	WARN	TLS certificate errors will be ignored for this session
[GFX1-]: RenderCompositorSWGL failed mapping default framebuffer, no dt
console.warn: SearchSettings: "get: No settings file exists, new profile?" (new NotFoundError("Could not open the file at /var/folders/cw/xjzyfy5n66j891gn5v5jrth80000gn/T/rust_mozprofileMEA04q/search.json.mozlz4", (void 0)))
DevTools listening on ws://127.0.0.1:51097/devtools/browser/638e230b-24c4-4ce3-b4f4-ebe2eb2cb103
1680793872032	Marionette	INFO	Stopped listening on port 51102
1680793874438	geckodriver	INFO	Listening on 127.0.0.1:51135
1680793874950	mozrunner::runner	INFO	Running command: MOZ_CRASHREPORTER="1" MOZ_CRASHREPORTER_NO_REPORT="1" MOZ_CRASHREPORTER_SHUTDOWN="1" MOZ_NO_REMOTE="1" "/App ... s" "localhost" "-foreground" "-no-remote" "-profile" "/var/folders/cw/xjzyfy5n66j891gn5v5jrth80000gn/T/rust_mozprofilenOSgbm"
*** You are running in headless mode.
console.warn: services.settings: Ignoring preference override of remote settings server
console.warn: services.settings: Allow by setting MOZ_REMOTE_SETTINGS_DEVTOOLS=1 in the environment
1680793875362	Marionette	INFO	Marionette enabled
1680793875435	Marionette	INFO	Listening on port 51141
Read port: 51141
console.error: "Warning: unrecognized command line flag -remote-allow-hosts\n"
WebDriver BiDi listening on ws://127.0.0.1:51136
1680793876186	RemoteAgent	WARN	TLS certificate errors will be ignored for this session
[GFX1-]: RenderCompositorSWGL failed mapping default framebuffer, no dt
console.warn: SearchSettings: "get: No settings file exists, new profile?" (new NotFoundError("Could not open the file at /var/folders/cw/xjzyfy5n66j891gn5v5jrth80000gn/T/rust_mozprofilenOSgbm/search.json.mozlz4", (void 0)))
DevTools listening on ws://127.0.0.1:51136/devtools/browser/28a15a7e-0902-425b-b233-9071da8e10fc
1680793919218	Marionette	INFO	Stopped listening on port 51141
1680793921480	geckodriver	INFO	Listening on 127.0.0.1:51183
1680793921990	mozrunner::runner	INFO	Running command: MOZ_CRASHREPORTER="1" MOZ_CRASHREPORTER_NO_REPORT="1" MOZ_CRASHREPORTER_SHUTDOWN="1" MOZ_NO_REMOTE="1" "/App ... s" "localhost" "-foreground" "-no-remote" "-profile" "/var/folders/cw/xjzyfy5n66j891gn5v5jrth80000gn/T/rust_mozprofileCwcf60"
*** You are running in headless mode.
console.warn: services.settings: Ignoring preference override of remote settings server
console.warn: services.settings: Allow by setting MOZ_REMOTE_SETTINGS_DEVTOOLS=1 in the environment
1680793922404	Marionette	INFO	Marionette enabled
1680793922483	Marionette	INFO	Listening on port 51190
Read port: 51190
console.error: "Warning: unrecognized command line flag -remote-allow-hosts\n"
WebDriver BiDi listening on ws://127.0.0.1:51184
1680793923158	RemoteAgent	WARN	TLS certificate errors will be ignored for this session
[GFX1-]: RenderCompositorSWGL failed mapping default framebuffer, no dt
console.warn: SearchSettings: "get: No settings file exists, new profile?" (new NotFoundError("Could not open the file at /var/folders/cw/xjzyfy5n66j891gn5v5jrth80000gn/T/rust_mozprofileCwcf60/search.json.mozlz4", (void 0)))
DevTools listening on ws://127.0.0.1:51184/devtools/browser/407bbf32-65a1-4d53-a1a7-7cecd0fb209f
Exiting due to channel error.
Exiting due to channel error.
Exiting due to channel error.
Exiting due to channel error.
Exiting due to channel error.
1680803785815	geckodriver	INFO	Listening on 127.0.0.1:52471
1680803786318	mozrunner::runner	INFO	Running command: MOZ_CRASHREPORTER="1" MOZ_CRASHREPORTER_NO_REPORT="1" MOZ_CRASHREPORTER_SHUTDOWN="1" MOZ_NO_REMOTE="1" "/App ... s" "localhost" "-foreground" "-no-remote" "-profile" "/var/folders/cw/xjzyfy5n66j891gn5v5jrth80000gn/T/rust_mozprofileHndoaV"
*** You are running in headless mode.
console.warn: services.settings: Ignoring preference override of remote settings server
console.warn: services.settings: Allow by setting MOZ_REMOTE_SETTINGS_DEVTOOLS=1 in the environment
1680803786767	Marionette	INFO	Marionette enabled
1680803786910	Marionette	INFO	Listening on port 52477
Read port: 52477
console.error: "Warning: unrecognized command line flag -remote-allow-hosts\n"
WebDriver BiDi listening on ws://127.0.0.1:52472
1680803787183	RemoteAgent	WARN	TLS certificate errors will be ignored for this session
[GFX1-]: RenderCompositorSWGL failed mapping default framebuffer, no dt
console.warn: SearchSettings: "get: No settings file exists, new profile?" (new NotFoundError("Could not open the file at /var/folders/cw/xjzyfy5n66j891gn5v5jrth80000gn/T/rust_mozprofileHndoaV/search.json.mozlz4", (void 0)))
DevTools listening on ws://127.0.0.1:52472/devtools/browser/467cc0a1-2606-45ab-9e1c-e71a9da69b0d
Exiting due to channel error.
Exiting due to channel error.
Exiting due to channel error.
Exiting due to channel error.
Exiting due to channel error.
1680804285599	geckodriver	INFO	Listening on 127.0.0.1:52972
1680804286112	mozrunner::runner	INFO	Running command: MOZ_CRASHREPORTER="1" MOZ_CRASHREPORTER_NO_REPORT="1" MOZ_CRASHREPORTER_SHUTDOWN="1" MOZ_NO_REMOTE="1" "/App ... s" "localhost" "-foreground" "-no-remote" "-profile" "/var/folders/cw/xjzyfy5n66j891gn5v5jrth80000gn/T/rust_mozprofile7EteQs"
*** You are running in headless mode.
console.warn: services.settings: Ignoring preference override of remote settings server
console.warn: services.settings: Allow by setting MOZ_REMOTE_SETTINGS_DEVTOOLS=1 in the environment
1680804286495	Marionette	INFO	Marionette enabled
1680804286624	Marionette	INFO	Listening on port 52978
Read port: 52978
console.error: "Warning: unrecognized command line flag -remote-allow-hosts\n"
WebDriver BiDi listening on ws://127.0.0.1:52973
1680804286886	RemoteAgent	WARN	TLS certificate errors will be ignored for this session
[GFX1-]: RenderCompositorSWGL failed mapping default framebuffer, no dt
console.warn: SearchSettings: "get: No settings file exists, new profile?" (new NotFoundError("Could not open the file at /var/folders/cw/xjzyfy5n66j891gn5v5jrth80000gn/T/rust_mozprofile7EteQs/search.json.mozlz4", (void 0)))
DevTools listening on ws://127.0.0.1:52973/devtools/browser/a491e734-459f-4eff-adab-7f72ff6d509c
1680814923624	geckodriver	INFO	Listening on 127.0.0.1:49782
1680814924105	mozrunner::runner	INFO	Running command: MOZ_CRASHREPORTER="1" MOZ_CRASHREPORTER_NO_REPORT="1" MOZ_CRASHREPORTER_SHUTDOWN="1" MOZ_NO_REMOTE="1" "/App ... s" "localhost" "-foreground" "-no-remote" "-profile" "/var/folders/cw/xjzyfy5n66j891gn5v5jrth80000gn/T/rust_mozprofilevQFiQW"
*** You are running in headless mode.
console.warn: services.settings: Ignoring preference override of remote settings server
console.warn: services.settings: Allow by setting MOZ_REMOTE_SETTINGS_DEVTOOLS=1 in the environment
1680814924466	Marionette	INFO	Marionette enabled
1680814924581	Marionette	INFO	Listening on port 49790
Read port: 49790
console.error: "Warning: unrecognized command line flag -remote-allow-hosts\n"
WebDriver BiDi listening on ws://127.0.0.1:49783
1680814924848	RemoteAgent	WARN	TLS certificate errors will be ignored for this session
[GFX1-]: RenderCompositorSWGL failed mapping default framebuffer, no dt
console.warn: SearchSettings: "get: No settings file exists, new profile?" (new NotFoundError("Could not open the file at /var/folders/cw/xjzyfy5n66j891gn5v5jrth80000gn/T/rust_mozprofilevQFiQW/search.json.mozlz4", (void 0)))
DevTools listening on ws://127.0.0.1:49783/devtools/browser/5b5b8fc8-9390-4c3b-982e-f8a99ea070db
1680875295773	geckodriver	INFO	Listening on 127.0.0.1:49451
1680875296251	mozrunner::runner	INFO	Running command: MOZ_CRASHREPORTER="1" MOZ_CRASHREPORTER_NO_REPORT="1" MOZ_CRASHREPORTER_SHUTDOWN="1" MOZ_NO_REMOTE="1" "/App ... s" "localhost" "-foreground" "-no-remote" "-profile" "/var/folders/cw/xjzyfy5n66j891gn5v5jrth80000gn/T/rust_mozprofileN5TjXL"
*** You are running in headless mode.
console.warn: services.settings: Ignoring preference override of remote settings server
console.warn: services.settings: Allow by setting MOZ_REMOTE_SETTINGS_DEVTOOLS=1 in the environment
1680875296608	Marionette	INFO	Marionette enabled
1680875296724	Marionette	INFO	Listening on port 49459
console.error: "Warning: unrecognized command line flag -remote-allow-hosts\n"
Read port: 49459
WebDriver BiDi listening on ws://127.0.0.1:49452
1680875296986	RemoteAgent	WARN	TLS certificate errors will be ignored for this session
[GFX1-]: RenderCompositorSWGL failed mapping default framebuffer, no dt
console.warn: SearchSettings: "get: No settings file exists, new profile?" (new NotFoundError("Could not open the file at /var/folders/cw/xjzyfy5n66j891gn5v5jrth80000gn/T/rust_mozprofileN5TjXL/search.json.mozlz4", (void 0)))
DevTools listening on ws://127.0.0.1:49452/devtools/browser/3cd6c503-a09e-45f2-86df-feb3a7847c9d
Exiting due to channel error.
Exiting due to channel error.
Exiting due to channel error.
Exiting due to channel error.
Exiting due to channel error.
1680876251923	geckodriver	INFO	Listening on 127.0.0.1:49634
1680876252439	mozrunner::runner	INFO	Running command: MOZ_CRASHREPORTER="1" MOZ_CRASHREPORTER_NO_REPORT="1" MOZ_CRASHREPORTER_SHUTDOWN="1" MOZ_NO_REMOTE="1" "/App ... s" "localhost" "-foreground" "-no-remote" "-profile" "/var/folders/cw/xjzyfy5n66j891gn5v5jrth80000gn/T/rust_mozprofile0mP5LV"
*** You are running in headless mode.
console.warn: services.settings: Ignoring preference override of remote settings server
console.warn: services.settings: Allow by setting MOZ_REMOTE_SETTINGS_DEVTOOLS=1 in the environment
1680876252757	Marionette	INFO	Marionette enabled
1680876252870	Marionette	INFO	Listening on port 49642
console.error: "Warning: unrecognized command line flag -remote-allow-hosts\n"
Read port: 49642
WebDriver BiDi listening on ws://127.0.0.1:49635
1680876253124	RemoteAgent	WARN	TLS certificate errors will be ignored for this session
[GFX1-]: RenderCompositorSWGL failed mapping default framebuffer, no dt
console.warn: SearchSettings: "get: No settings file exists, new profile?" (new NotFoundError("Could not open the file at /var/folders/cw/xjzyfy5n66j891gn5v5jrth80000gn/T/rust_mozprofile0mP5LV/search.json.mozlz4", (void 0)))
DevTools listening on ws://127.0.0.1:49635/devtools/browser/ecaae373-ef9a-493f-b532-88f74053079b
Exiting due to channel error.
Exiting due to channel error.
Exiting due to channel error.
Exiting due to channel error.
Exiting due to channel error.
1680879969420	geckodriver	INFO	Listening on 127.0.0.1:50361
1680879969930	mozrunner::runner	INFO	Running command: MOZ_CRASHREPORTER="1" MOZ_CRASHREPORTER_NO_REPORT="1" MOZ_CRASHREPORTER_SHUTDOWN="1" MOZ_NO_REMOTE="1" "/App ... s" "localhost" "-foreground" "-no-remote" "-profile" "/var/folders/cw/xjzyfy5n66j891gn5v5jrth80000gn/T/rust_mozprofileWSp9gq"
*** You are running in headless mode.
console.warn: services.settings: Ignoring preference override of remote settings server
console.warn: services.settings: Allow by setting MOZ_REMOTE_SETTINGS_DEVTOOLS=1 in the environment
1680879970257	Marionette	INFO	Marionette enabled
1680879970360	Marionette	INFO	Listening on port 50370
console.error: "Warning: unrecognized command line flag -remote-allow-hosts\n"
Read port: 50370
WebDriver BiDi listening on ws://127.0.0.1:50362
1680879970612	RemoteAgent	WARN	TLS certificate errors will be ignored for this session
[GFX1-]: RenderCompositorSWGL failed mapping default framebuffer, no dt
console.warn: SearchSettings: "get: No settings file exists, new profile?" (new NotFoundError("Could not open the file at /var/folders/cw/xjzyfy5n66j891gn5v5jrth80000gn/T/rust_mozprofileWSp9gq/search.json.mozlz4", (void 0)))
DevTools listening on ws://127.0.0.1:50362/devtools/browser/50ad3346-2ef3-4fa6-a562-c7754824e4a9
Exiting due to channel error.
Exiting due to channel error.
Exiting due to channel error.
Exiting due to channel error.
Exiting due to channel error.
1680880096262	geckodriver	INFO	Listening on 127.0.0.1:50423
1680880096778	mozrunner::runner	INFO	Running command: MOZ_CRASHREPORTER="1" MOZ_CRASHREPORTER_NO_REPORT="1" MOZ_CRASHREPORTER_SHUTDOWN="1" MOZ_NO_REMOTE="1" "/App ... s" "localhost" "-foreground" "-no-remote" "-profile" "/var/folders/cw/xjzyfy5n66j891gn5v5jrth80000gn/T/rust_mozprofileTJ8cv1"
*** You are running in headless mode.
console.warn: services.settings: Ignoring preference override of remote settings server
console.warn: services.settings: Allow by setting MOZ_REMOTE_SETTINGS_DEVTOOLS=1 in the environment
1680880097094	Marionette	INFO	Marionette enabled
1680880097212	Marionette	INFO	Listening on port 50431
console.error: "Warning: unrecognized command line flag -remote-allow-hosts\n"
Read port: 50431
WebDriver BiDi listening on ws://127.0.0.1:50424
1680880097467	RemoteAgent	WARN	TLS certificate errors will be ignored for this session
[GFX1-]: RenderCompositorSWGL failed mapping default framebuffer, no dt
console.warn: SearchSettings: "get: No settings file exists, new profile?" (new NotFoundError("Could not open the file at /var/folders/cw/xjzyfy5n66j891gn5v5jrth80000gn/T/rust_mozprofileTJ8cv1/search.json.mozlz4", (void 0)))
DevTools listening on ws://127.0.0.1:50424/devtools/browser/1d0dcea9-44b0-433d-b955-a380d2e9c8f5
Exiting due to channel error.
Exiting due to channel error.
Exiting due to channel error.
Exiting due to channel error.
Exiting due to channel error.
1680880208294	geckodriver	INFO	Listening on 127.0.0.1:50470
1680880208805	mozrunner::runner	INFO	Running command: MOZ_CRASHREPORTER="1" MOZ_CRASHREPORTER_NO_REPORT="1" MOZ_CRASHREPORTER_SHUTDOWN="1" MOZ_NO_REMOTE="1" "/App ... s" "localhost" "-foreground" "-no-remote" "-profile" "/var/folders/cw/xjzyfy5n66j891gn5v5jrth80000gn/T/rust_mozprofileik8T7w"
*** You are running in headless mode.
console.warn: services.settings: Ignoring preference override of remote settings server
console.warn: services.settings: Allow by setting MOZ_REMOTE_SETTINGS_DEVTOOLS=1 in the environment
1680880209118	Marionette	INFO	Marionette enabled
1680880209231	Marionette	INFO	Listening on port 50478
console.error: "Warning: unrecognized command line flag -remote-allow-hosts\n"
Read port: 50478
WebDriver BiDi listening on ws://127.0.0.1:50471
1680880209489	RemoteAgent	WARN	TLS certificate errors will be ignored for this session
[GFX1-]: RenderCompositorSWGL failed mapping default framebuffer, no dt
console.warn: SearchSettings: "get: No settings file exists, new profile?" (new NotFoundError("Could not open the file at /var/folders/cw/xjzyfy5n66j891gn5v5jrth80000gn/T/rust_mozprofileik8T7w/search.json.mozlz4", (void 0)))
DevTools listening on ws://127.0.0.1:50471/devtools/browser/fc9394cc-1ec2-4e25-a8c0-ee3a79241b48
Exiting due to channel error.
Exiting due to channel error.
Exiting due to channel error.
Exiting due to channel error.
Exiting due to channel error.
1680880734092	geckodriver	INFO	Listening on 127.0.0.1:50550
1680880734608	mozrunner::runner	INFO	Running command: MOZ_CRASHREPORTER="1" MOZ_CRASHREPORTER_NO_REPORT="1" MOZ_CRASHREPORTER_SHUTDOWN="1" MOZ_NO_REMOTE="1" "/App ... s" "localhost" "-foreground" "-no-remote" "-profile" "/var/folders/cw/xjzyfy5n66j891gn5v5jrth80000gn/T/rust_mozprofileVihl9o"
*** You are running in headless mode.
console.warn: services.settings: Ignoring preference override of remote settings server
console.warn: services.settings: Allow by setting MOZ_REMOTE_SETTINGS_DEVTOOLS=1 in the environment
1680880734951	Marionette	INFO	Marionette enabled
1680880735083	Marionette	INFO	Listening on port 50558
Read port: 50558
console.error: "Warning: unrecognized command line flag -remote-allow-hosts\n"
WebDriver BiDi listening on ws://127.0.0.1:50551
1680880735344	RemoteAgent	WARN	TLS certificate errors will be ignored for this session
[GFX1-]: RenderCompositorSWGL failed mapping default framebuffer, no dt
console.warn: SearchSettings: "get: No settings file exists, new profile?" (new NotFoundError("Could not open the file at /var/folders/cw/xjzyfy5n66j891gn5v5jrth80000gn/T/rust_mozprofileVihl9o/search.json.mozlz4", (void 0)))
DevTools listening on ws://127.0.0.1:50551/devtools/browser/8b71900b-79e7-4d4d-b3da-ee6eabe9b6b6
Exiting due to channel error.
Exiting due to channel error.
Exiting due to channel error.
Exiting due to channel error.
Exiting due to channel error.
1680880928200	geckodriver	INFO	Listening on 127.0.0.1:50587
1680880928712	mozrunner::runner	INFO	Running command: MOZ_CRASHREPORTER="1" MOZ_CRASHREPORTER_NO_REPORT="1" MOZ_CRASHREPORTER_SHUTDOWN="1" MOZ_NO_REMOTE="1" "/App ... s" "localhost" "-foreground" "-no-remote" "-profile" "/var/folders/cw/xjzyfy5n66j891gn5v5jrth80000gn/T/rust_mozprofileFwyvQA"
*** You are running in headless mode.
console.warn: services.settings: Ignoring preference override of remote settings server
console.warn: services.settings: Allow by setting MOZ_REMOTE_SETTINGS_DEVTOOLS=1 in the environment
1680880929038	Marionette	INFO	Marionette enabled
1680880929154	Marionette	INFO	Listening on port 50595
console.error: "Warning: unrecognized command line flag -remote-allow-hosts\n"
Read port: 50595
WebDriver BiDi listening on ws://127.0.0.1:50588
1680880929415	RemoteAgent	WARN	TLS certificate errors will be ignored for this session
[GFX1-]: RenderCompositorSWGL failed mapping default framebuffer, no dt
console.warn: SearchSettings: "get: No settings file exists, new profile?" (new NotFoundError("Could not open the file at /var/folders/cw/xjzyfy5n66j891gn5v5jrth80000gn/T/rust_mozprofileFwyvQA/search.json.mozlz4", (void 0)))
DevTools listening on ws://127.0.0.1:50588/devtools/browser/adcddb26-275b-4e47-98a2-e222f3750546
Exiting due to channel error.
Exiting due to channel error.
Exiting due to channel error.
Exiting due to channel error.
Exiting due to channel error.
1680880958491	geckodriver	INFO	Listening on 127.0.0.1:50624
1680880959006	mozrunner::runner	INFO	Running command: MOZ_CRASHREPORTER="1" MOZ_CRASHREPORTER_NO_REPORT="1" MOZ_CRASHREPORTER_SHUTDOWN="1" MOZ_NO_REMOTE="1" "/App ... s" "localhost" "-foreground" "-no-remote" "-profile" "/var/folders/cw/xjzyfy5n66j891gn5v5jrth80000gn/T/rust_mozprofile9cxcwo"
*** You are running in headless mode.
console.warn: services.settings: Ignoring preference override of remote settings server
console.warn: services.settings: Allow by setting MOZ_REMOTE_SETTINGS_DEVTOOLS=1 in the environment
1680880959321	Marionette	INFO	Marionette enabled
1680880959438	Marionette	INFO	Listening on port 50632
console.error: "Warning: unrecognized command line flag -remote-allow-hosts\n"
Read port: 50632
WebDriver BiDi listening on ws://127.0.0.1:50625
1680880959689	RemoteAgent	WARN	TLS certificate errors will be ignored for this session
[GFX1-]: RenderCompositorSWGL failed mapping default framebuffer, no dt
console.warn: SearchSettings: "get: No settings file exists, new profile?" (new NotFoundError("Could not open the file at /var/folders/cw/xjzyfy5n66j891gn5v5jrth80000gn/T/rust_mozprofile9cxcwo/search.json.mozlz4", (void 0)))
DevTools listening on ws://127.0.0.1:50625/devtools/browser/50768b7e-3e42-4b8b-9d6c-13389d35c236
Exiting due to channel error.
Exiting due to channel error.
Exiting due to channel error.
Exiting due to channel error.
Exiting due to channel error.
1680883191578	geckodriver	INFO	Listening on 127.0.0.1:50983
1680883192089	mozrunner::runner	INFO	Running command: MOZ_CRASHREPORTER="1" MOZ_CRASHREPORTER_NO_REPORT="1" MOZ_CRASHREPORTER_SHUTDOWN="1" MOZ_NO_REMOTE="1" "/App ... s" "localhost" "-foreground" "-no-remote" "-profile" "/var/folders/cw/xjzyfy5n66j891gn5v5jrth80000gn/T/rust_mozprofileHLbQBB"
*** You are running in headless mode.
console.warn: services.settings: Ignoring preference override of remote settings server
console.warn: services.settings: Allow by setting MOZ_REMOTE_SETTINGS_DEVTOOLS=1 in the environment
1680883192401	Marionette	INFO	Marionette enabled
1680883192521	Marionette	INFO	Listening on port 50991
console.error: "Warning: unrecognized command line flag -remote-allow-hosts\n"
Read port: 50991
WebDriver BiDi listening on ws://127.0.0.1:50984
1680883192786	RemoteAgent	WARN	TLS certificate errors will be ignored for this session
[GFX1-]: RenderCompositorSWGL failed mapping default framebuffer, no dt
console.warn: SearchSettings: "get: No settings file exists, new profile?" (new NotFoundError("Could not open the file at /var/folders/cw/xjzyfy5n66j891gn5v5jrth80000gn/T/rust_mozprofileHLbQBB/search.json.mozlz4", (void 0)))
DevTools listening on ws://127.0.0.1:50984/devtools/browser/0a6ab40b-1246-412b-acbb-40411df4fc69
Exiting due to channel error.
Exiting due to channel error.
Exiting due to channel error.
Exiting due to channel error.
Exiting due to channel error.
1680883204195	geckodriver	INFO	Listening on 127.0.0.1:51021
1680883204703	mozrunner::runner	INFO	Running command: MOZ_CRASHREPORTER="1" MOZ_CRASHREPORTER_NO_REPORT="1" MOZ_CRASHREPORTER_SHUTDOWN="1" MOZ_NO_REMOTE="1" "/App ... s" "localhost" "-foreground" "-no-remote" "-profile" "/var/folders/cw/xjzyfy5n66j891gn5v5jrth80000gn/T/rust_mozprofilewZQKXN"
*** You are running in headless mode.
console.warn: services.settings: Ignoring preference override of remote settings server
console.warn: services.settings: Allow by setting MOZ_REMOTE_SETTINGS_DEVTOOLS=1 in the environment
1680883205016	Marionette	INFO	Marionette enabled
1680883205141	Marionette	INFO	Listening on port 51029
console.error: "Warning: unrecognized command line flag -remote-allow-hosts\n"
Read port: 51029
WebDriver BiDi listening on ws://127.0.0.1:51022
1680883205412	RemoteAgent	WARN	TLS certificate errors will be ignored for this session
[GFX1-]: RenderCompositorSWGL failed mapping default framebuffer, no dt
console.warn: SearchSettings: "get: No settings file exists, new profile?" (new NotFoundError("Could not open the file at /var/folders/cw/xjzyfy5n66j891gn5v5jrth80000gn/T/rust_mozprofilewZQKXN/search.json.mozlz4", (void 0)))
DevTools listening on ws://127.0.0.1:51022/devtools/browser/b3378b16-62a4-471d-9a74-7bfadde365cc
Exiting due to channel error.
Exiting due to channel error.
Exiting due to channel error.
Exiting due to channel error.
Exiting due to channel error.
1680883613942	geckodriver	INFO	Listening on 127.0.0.1:51090
1680883614455	mozrunner::runner	INFO	Running command: MOZ_CRASHREPORTER="1" MOZ_CRASHREPORTER_NO_REPORT="1" MOZ_CRASHREPORTER_SHUTDOWN="1" MOZ_NO_REMOTE="1" "/App ... s" "localhost" "-foreground" "-no-remote" "-profile" "/var/folders/cw/xjzyfy5n66j891gn5v5jrth80000gn/T/rust_mozprofileVkRNt8"
*** You are running in headless mode.
console.warn: services.settings: Ignoring preference override of remote settings server
console.warn: services.settings: Allow by setting MOZ_REMOTE_SETTINGS_DEVTOOLS=1 in the environment
1680883614766	Marionette	INFO	Marionette enabled
1680883614880	Marionette	INFO	Listening on port 51098
console.error: "Warning: unrecognized command line flag -remote-allow-hosts\n"
Read port: 51098
WebDriver BiDi listening on ws://127.0.0.1:51091
1680883615142	RemoteAgent	WARN	TLS certificate errors will be ignored for this session
[GFX1-]: RenderCompositorSWGL failed mapping default framebuffer, no dt
console.warn: SearchSettings: "get: No settings file exists, new profile?" (new NotFoundError("Could not open the file at /var/folders/cw/xjzyfy5n66j891gn5v5jrth80000gn/T/rust_mozprofileVkRNt8/search.json.mozlz4", (void 0)))
DevTools listening on ws://127.0.0.1:51091/devtools/browser/cc7148f3-7bbe-4b3c-95b8-cefac75cd946
Exiting due to channel error.
Exiting due to channel error.
Exiting due to channel error.
Exiting due to channel error.
Exiting due to channel error.
1680883852633	geckodriver	INFO	Listening on 127.0.0.1:51158
1680883853143	mozrunner::runner	INFO	Running command: MOZ_CRASHREPORTER="1" MOZ_CRASHREPORTER_NO_REPORT="1" MOZ_CRASHREPORTER_SHUTDOWN="1" MOZ_NO_REMOTE="1" "/App ... s" "localhost" "-foreground" "-no-remote" "-profile" "/var/folders/cw/xjzyfy5n66j891gn5v5jrth80000gn/T/rust_mozprofileninvrR"
*** You are running in headless mode.
console.warn: services.settings: Ignoring preference override of remote settings server
console.warn: services.settings: Allow by setting MOZ_REMOTE_SETTINGS_DEVTOOLS=1 in the environment
1680883853453	Marionette	INFO	Marionette enabled
1680883853572	Marionette	INFO	Listening on port 51166
console.error: "Warning: unrecognized command line flag -remote-allow-hosts\n"
Read port: 51166
WebDriver BiDi listening on ws://127.0.0.1:51159
1680883853828	RemoteAgent	WARN	TLS certificate errors will be ignored for this session
[GFX1-]: RenderCompositorSWGL failed mapping default framebuffer, no dt
console.warn: SearchSettings: "get: No settings file exists, new profile?" (new NotFoundError("Could not open the file at /var/folders/cw/xjzyfy5n66j891gn5v5jrth80000gn/T/rust_mozprofileninvrR/search.json.mozlz4", (void 0)))
DevTools listening on ws://127.0.0.1:51159/devtools/browser/faf31933-0c76-48b3-a790-4e16749898fb
Exiting due to channel error.
Exiting due to channel error.
Exiting due to channel error.
Exiting due to channel error.
Exiting due to channel error.
1680883939188	geckodriver	INFO	Listening on 127.0.0.1:51196
1680883939696	mozrunner::runner	INFO	Running command: MOZ_CRASHREPORTER="1" MOZ_CRASHREPORTER_NO_REPORT="1" MOZ_CRASHREPORTER_SHUTDOWN="1" MOZ_NO_REMOTE="1" "/App ... s" "localhost" "-foreground" "-no-remote" "-profile" "/var/folders/cw/xjzyfy5n66j891gn5v5jrth80000gn/T/rust_mozprofileiR7SRY"
*** You are running in headless mode.
console.warn: services.settings: Ignoring preference override of remote settings server
console.warn: services.settings: Allow by setting MOZ_REMOTE_SETTINGS_DEVTOOLS=1 in the environment
1680883940008	Marionette	INFO	Marionette enabled
1680883940128	Marionette	INFO	Listening on port 51204
console.error: "Warning: unrecognized command line flag -remote-allow-hosts\n"
Read port: 51204
WebDriver BiDi listening on ws://127.0.0.1:51197
1680883940384	RemoteAgent	WARN	TLS certificate errors will be ignored for this session
[GFX1-]: RenderCompositorSWGL failed mapping default framebuffer, no dt
console.warn: SearchSettings: "get: No settings file exists, new profile?" (new NotFoundError("Could not open the file at /var/folders/cw/xjzyfy5n66j891gn5v5jrth80000gn/T/rust_mozprofileiR7SRY/search.json.mozlz4", (void 0)))
DevTools listening on ws://127.0.0.1:51197/devtools/browser/dda011ca-0fbe-4bc8-b346-3aa97d39ac63
Exiting due to channel error.
Exiting due to channel error.
Exiting due to channel error.
Exiting due to channel error.
Exiting due to channel error.
1680884014536	geckodriver	INFO	Listening on 127.0.0.1:51295
1680884015049	mozrunner::runner	INFO	Running command: MOZ_CRASHREPORTER="1" MOZ_CRASHREPORTER_NO_REPORT="1" MOZ_CRASHREPORTER_SHUTDOWN="1" MOZ_NO_REMOTE="1" "/App ... s" "localhost" "-foreground" "-no-remote" "-profile" "/var/folders/cw/xjzyfy5n66j891gn5v5jrth80000gn/T/rust_mozprofile7qYhON"
*** You are running in headless mode.
console.warn: services.settings: Ignoring preference override of remote settings server
console.warn: services.settings: Allow by setting MOZ_REMOTE_SETTINGS_DEVTOOLS=1 in the environment
1680884015389	Marionette	INFO	Marionette enabled
1680884015523	Marionette	INFO	Listening on port 51303
console.error: "Warning: unrecognized command line flag -remote-allow-hosts\n"
Read port: 51303
WebDriver BiDi listening on ws://127.0.0.1:51296
1680884015767	RemoteAgent	WARN	TLS certificate errors will be ignored for this session
[GFX1-]: RenderCompositorSWGL failed mapping default framebuffer, no dt
console.warn: SearchSettings: "get: No settings file exists, new profile?" (new NotFoundError("Could not open the file at /var/folders/cw/xjzyfy5n66j891gn5v5jrth80000gn/T/rust_mozprofile7qYhON/search.json.mozlz4", (void 0)))
DevTools listening on ws://127.0.0.1:51296/devtools/browser/494de427-5729-4fa3-a552-c3fb9bb536c8
Exiting due to channel error.
Exiting due to channel error.
Exiting due to channel error.
Exiting due to channel error.
Exiting due to channel error.
1680884064289	geckodriver	INFO	Listening on 127.0.0.1:51351
1680884064795	mozrunner::runner	INFO	Running command: MOZ_CRASHREPORTER="1" MOZ_CRASHREPORTER_NO_REPORT="1" MOZ_CRASHREPORTER_SHUTDOWN="1" MOZ_NO_REMOTE="1" "/App ... s" "localhost" "-foreground" "-no-remote" "-profile" "/var/folders/cw/xjzyfy5n66j891gn5v5jrth80000gn/T/rust_mozprofile2ZQk7U"
*** You are running in headless mode.
console.warn: services.settings: Ignoring preference override of remote settings server
console.warn: services.settings: Allow by setting MOZ_REMOTE_SETTINGS_DEVTOOLS=1 in the environment
1680884065103	Marionette	INFO	Marionette enabled
1680884065219	Marionette	INFO	Listening on port 51359
console.error: "Warning: unrecognized command line flag -remote-allow-hosts\n"
Read port: 51359
WebDriver BiDi listening on ws://127.0.0.1:51352
1680884065475	RemoteAgent	WARN	TLS certificate errors will be ignored for this session
[GFX1-]: RenderCompositorSWGL failed mapping default framebuffer, no dt
console.warn: SearchSettings: "get: No settings file exists, new profile?" (new NotFoundError("Could not open the file at /var/folders/cw/xjzyfy5n66j891gn5v5jrth80000gn/T/rust_mozprofile2ZQk7U/search.json.mozlz4", (void 0)))
DevTools listening on ws://127.0.0.1:51352/devtools/browser/32a50fb0-cf2b-44fd-9497-78ccc59fe50d
Exiting due to channel error.
Exiting due to channel error.
Exiting due to channel error.
Exiting due to channel error.
Exiting due to channel error.
1680884082335	geckodriver	INFO	Listening on 127.0.0.1:51405
1680884082820	mozrunner::runner	INFO	Running command: MOZ_CRASHREPORTER="1" MOZ_CRASHREPORTER_NO_REPORT="1" MOZ_CRASHREPORTER_SHUTDOWN="1" MOZ_NO_REMOTE="1" "/App ... s" "localhost" "-foreground" "-no-remote" "-profile" "/var/folders/cw/xjzyfy5n66j891gn5v5jrth80000gn/T/rust_mozprofileh4wuE9"
*** You are running in headless mode.
console.warn: services.settings: Ignoring preference override of remote settings server
console.warn: services.settings: Allow by setting MOZ_REMOTE_SETTINGS_DEVTOOLS=1 in the environment
1680884083253	Marionette	INFO	Marionette enabled
1680884083422	Marionette	INFO	Listening on port 51413
Read port: 51413
console.error: "Warning: unrecognized command line flag -remote-allow-hosts\n"
WebDriver BiDi listening on ws://127.0.0.1:51406
1680884083754	RemoteAgent	WARN	TLS certificate errors will be ignored for this session
[GFX1-]: RenderCompositorSWGL failed mapping default framebuffer, no dt
console.warn: SearchSettings: "get: No settings file exists, new profile?" (new NotFoundError("Could not open the file at /var/folders/cw/xjzyfy5n66j891gn5v5jrth80000gn/T/rust_mozprofileh4wuE9/search.json.mozlz4", (void 0)))
DevTools listening on ws://127.0.0.1:51406/devtools/browser/42b12937-9593-47c7-82be-636a033f2c07
Exiting due to channel error.
Exiting due to channel error.
Exiting due to channel error.
Exiting due to channel error.
Exiting due to channel error.
1680884346651	geckodriver	INFO	Listening on 127.0.0.1:51524
1680884347167	mozrunner::runner	INFO	Running command: MOZ_CRASHREPORTER="1" MOZ_CRASHREPORTER_NO_REPORT="1" MOZ_CRASHREPORTER_SHUTDOWN="1" MOZ_NO_REMOTE="1" "/App ... s" "localhost" "-foreground" "-no-remote" "-profile" "/var/folders/cw/xjzyfy5n66j891gn5v5jrth80000gn/T/rust_mozprofileVuOArj"
*** You are running in headless mode.
console.warn: services.settings: Ignoring preference override of remote settings server
console.warn: services.settings: Allow by setting MOZ_REMOTE_SETTINGS_DEVTOOLS=1 in the environment
1680884347604	Marionette	INFO	Marionette enabled
1680884347760	Marionette	INFO	Listening on port 51532
Read port: 51532
console.error: "Warning: unrecognized command line flag -remote-allow-hosts\n"
WebDriver BiDi listening on ws://127.0.0.1:51525
1680884348096	RemoteAgent	WARN	TLS certificate errors will be ignored for this session
[GFX1-]: RenderCompositorSWGL failed mapping default framebuffer, no dt
console.warn: SearchSettings: "get: No settings file exists, new profile?" (new NotFoundError("Could not open the file at /var/folders/cw/xjzyfy5n66j891gn5v5jrth80000gn/T/rust_mozprofileVuOArj/search.json.mozlz4", (void 0)))
DevTools listening on ws://127.0.0.1:51525/devtools/browser/c7d12cdd-86ed-423d-bdc4-aeaf7b727e40
Exiting due to channel error.
Exiting due to channel error.
Exiting due to channel error.
Exiting due to channel error.
Exiting due to channel error.
1680884430573	geckodriver	INFO	Listening on 127.0.0.1:51604
1680884431082	mozrunner::runner	INFO	Running command: MOZ_CRASHREPORTER="1" MOZ_CRASHREPORTER_NO_REPORT="1" MOZ_CRASHREPORTER_SHUTDOWN="1" MOZ_NO_REMOTE="1" "/App ... s" "localhost" "-foreground" "-no-remote" "-profile" "/var/folders/cw/xjzyfy5n66j891gn5v5jrth80000gn/T/rust_mozprofileaXZk2e"
*** You are running in headless mode.
console.warn: services.settings: Ignoring preference override of remote settings server
console.warn: services.settings: Allow by setting MOZ_REMOTE_SETTINGS_DEVTOOLS=1 in the environment
1680884431544	Marionette	INFO	Marionette enabled
1680884431722	Marionette	INFO	Listening on port 51612
console.error: "Warning: unrecognized command line flag -remote-allow-hosts\n"
Read port: 51612
WebDriver BiDi listening on ws://127.0.0.1:51605
1680884432068	RemoteAgent	WARN	TLS certificate errors will be ignored for this session
[GFX1-]: RenderCompositorSWGL failed mapping default framebuffer, no dt
console.warn: SearchSettings: "get: No settings file exists, new profile?" (new NotFoundError("Could not open the file at /var/folders/cw/xjzyfy5n66j891gn5v5jrth80000gn/T/rust_mozprofileaXZk2e/search.json.mozlz4", (void 0)))
DevTools listening on ws://127.0.0.1:51605/devtools/browser/afc99110-666e-4f3f-80be-a0361e26c491
Exiting due to channel error.
Exiting due to channel error.
Exiting due to channel error.
Exiting due to channel error.
Exiting due to channel error.
1680884457691	geckodriver	INFO	Listening on 127.0.0.1:51667
1680884458197	mozrunner::runner	INFO	Running command: MOZ_CRASHREPORTER="1" MOZ_CRASHREPORTER_NO_REPORT="1" MOZ_CRASHREPORTER_SHUTDOWN="1" MOZ_NO_REMOTE="1" "/App ... s" "localhost" "-foreground" "-no-remote" "-profile" "/var/folders/cw/xjzyfy5n66j891gn5v5jrth80000gn/T/rust_mozprofile0IciLg"
*** You are running in headless mode.
console.warn: services.settings: Ignoring preference override of remote settings server
console.warn: services.settings: Allow by setting MOZ_REMOTE_SETTINGS_DEVTOOLS=1 in the environment
1680884458512	Marionette	INFO	Marionette enabled
1680884458630	Marionette	INFO	Listening on port 51675
console.error: "Warning: unrecognized command line flag -remote-allow-hosts\n"
Read port: 51675
WebDriver BiDi listening on ws://127.0.0.1:51668
1680884458909	RemoteAgent	WARN	TLS certificate errors will be ignored for this session
[GFX1-]: RenderCompositorSWGL failed mapping default framebuffer, no dt
console.warn: SearchSettings: "get: No settings file exists, new profile?" (new NotFoundError("Could not open the file at /var/folders/cw/xjzyfy5n66j891gn5v5jrth80000gn/T/rust_mozprofile0IciLg/search.json.mozlz4", (void 0)))
DevTools listening on ws://127.0.0.1:51668/devtools/browser/5bb66ff6-a4d1-432e-ad3f-9d68a992ae05
Exiting due to channel error.
Exiting due to channel error.
Exiting due to channel error.
Exiting due to channel error.
Exiting due to channel error.
1680884611408	geckodriver	INFO	Listening on 127.0.0.1:51749
1680884611919	mozrunner::runner	INFO	Running command: MOZ_CRASHREPORTER="1" MOZ_CRASHREPORTER_NO_REPORT="1" MOZ_CRASHREPORTER_SHUTDOWN="1" MOZ_NO_REMOTE="1" "/App ... s" "localhost" "-foreground" "-no-remote" "-profile" "/var/folders/cw/xjzyfy5n66j891gn5v5jrth80000gn/T/rust_mozprofileTmOVsG"
*** You are running in headless mode.
console.warn: services.settings: Ignoring preference override of remote settings server
console.warn: services.settings: Allow by setting MOZ_REMOTE_SETTINGS_DEVTOOLS=1 in the environment
1680884612336	Marionette	INFO	Marionette enabled
1680884612507	Marionette	INFO	Listening on port 51757
Read port: 51757
console.error: "Warning: unrecognized command line flag -remote-allow-hosts\n"
WebDriver BiDi listening on ws://127.0.0.1:51750
1680884612849	RemoteAgent	WARN	TLS certificate errors will be ignored for this session
[GFX1-]: RenderCompositorSWGL failed mapping default framebuffer, no dt
console.warn: SearchSettings: "get: No settings file exists, new profile?" (new NotFoundError("Could not open the file at /var/folders/cw/xjzyfy5n66j891gn5v5jrth80000gn/T/rust_mozprofileTmOVsG/search.json.mozlz4", (void 0)))
DevTools listening on ws://127.0.0.1:51750/devtools/browser/f580a998-8e05-43d4-92b6-2c84fd8b42a4
1680884831565	Marionette	INFO	Stopped listening on port 51757
1680884836421	geckodriver	INFO	Listening on 127.0.0.1:51879
1680884836933	mozrunner::runner	INFO	Running command: MOZ_CRASHREPORTER="1" MOZ_CRASHREPORTER_NO_REPORT="1" MOZ_CRASHREPORTER_SHUTDOWN="1" MOZ_NO_REMOTE="1" "/App ... s" "localhost" "-foreground" "-no-remote" "-profile" "/var/folders/cw/xjzyfy5n66j891gn5v5jrth80000gn/T/rust_mozprofileEcfY4L"
*** You are running in headless mode.
console.warn: services.settings: Ignoring preference override of remote settings server
console.warn: services.settings: Allow by setting MOZ_REMOTE_SETTINGS_DEVTOOLS=1 in the environment
1680884837338	Marionette	INFO	Marionette enabled
1680884837493	Marionette	INFO	Listening on port 51887
console.error: "Warning: unrecognized command line flag -remote-allow-hosts\n"
Read port: 51887
WebDriver BiDi listening on ws://127.0.0.1:51880
1680884837827	RemoteAgent	WARN	TLS certificate errors will be ignored for this session
[GFX1-]: RenderCompositorSWGL failed mapping default framebuffer, no dt
console.warn: SearchSettings: "get: No settings file exists, new profile?" (new NotFoundError("Could not open the file at /var/folders/cw/xjzyfy5n66j891gn5v5jrth80000gn/T/rust_mozprofileEcfY4L/search.json.mozlz4", (void 0)))
DevTools listening on ws://127.0.0.1:51880/devtools/browser/d032e0fd-72e8-4eb1-9248-b395d756dab7
Exiting due to channel error.
Exiting due to channel error.
Exiting due to channel error.
Exiting due to channel error.
Exiting due to channel error.
1680885057477	geckodriver	INFO	Listening on 127.0.0.1:52021
1680885057983	mozrunner::runner	INFO	Running command: MOZ_CRASHREPORTER="1" MOZ_CRASHREPORTER_NO_REPORT="1" MOZ_CRASHREPORTER_SHUTDOWN="1" MOZ_NO_REMOTE="1" "/App ... s" "localhost" "-foreground" "-no-remote" "-profile" "/var/folders/cw/xjzyfy5n66j891gn5v5jrth80000gn/T/rust_mozprofileE58iaQ"
*** You are running in headless mode.
console.warn: services.settings: Ignoring preference override of remote settings server
console.warn: services.settings: Allow by setting MOZ_REMOTE_SETTINGS_DEVTOOLS=1 in the environment
1680885058287	Marionette	INFO	Marionette enabled
1680885058401	Marionette	INFO	Listening on port 52029
console.error: "Warning: unrecognized command line flag -remote-allow-hosts\n"
Read port: 52029
WebDriver BiDi listening on ws://127.0.0.1:52022
1680885058660	RemoteAgent	WARN	TLS certificate errors will be ignored for this session
[GFX1-]: RenderCompositorSWGL failed mapping default framebuffer, no dt
console.warn: SearchSettings: "get: No settings file exists, new profile?" (new NotFoundError("Could not open the file at /var/folders/cw/xjzyfy5n66j891gn5v5jrth80000gn/T/rust_mozprofileE58iaQ/search.json.mozlz4", (void 0)))
DevTools listening on ws://127.0.0.1:52022/devtools/browser/094aa177-2d37-4252-b9ba-184eff56a85a
1680885531418	Marionette	INFO	Stopped listening on port 52029
1680885533851	geckodriver	INFO	Listening on 127.0.0.1:52342
1680885534361	mozrunner::runner	INFO	Running command: MOZ_CRASHREPORTER="1" MOZ_CRASHREPORTER_NO_REPORT="1" MOZ_CRASHREPORTER_SHUTDOWN="1" MOZ_NO_REMOTE="1" "/App ... s" "localhost" "-foreground" "-no-remote" "-profile" "/var/folders/cw/xjzyfy5n66j891gn5v5jrth80000gn/T/rust_mozprofile5rvtzM"
*** You are running in headless mode.
console.warn: services.settings: Ignoring preference override of remote settings server
console.warn: services.settings: Allow by setting MOZ_REMOTE_SETTINGS_DEVTOOLS=1 in the environment
1680885534715	Marionette	INFO	Marionette enabled
1680885534789	Marionette	INFO	Listening on port 52350
console.error: "Warning: unrecognized command line flag -remote-allow-hosts\n"
Read port: 52350
WebDriver BiDi listening on ws://127.0.0.1:52343
1680885535305	RemoteAgent	WARN	TLS certificate errors will be ignored for this session
[GFX1-]: RenderCompositorSWGL failed mapping default framebuffer, no dt
console.warn: SearchSettings: "get: No settings file exists, new profile?" (new NotFoundError("Could not open the file at /var/folders/cw/xjzyfy5n66j891gn5v5jrth80000gn/T/rust_mozprofile5rvtzM/search.json.mozlz4", (void 0)))
DevTools listening on ws://127.0.0.1:52343/devtools/browser/3db66ba1-0558-4339-ad8f-abc9acc9ef88
1680885553490	Marionette	INFO	Stopped listening on port 52350
1680885555835	geckodriver	INFO	Listening on 127.0.0.1:52391
1680885556347	mozrunner::runner	INFO	Running command: MOZ_CRASHREPORTER="1" MOZ_CRASHREPORTER_NO_REPORT="1" MOZ_CRASHREPORTER_SHUTDOWN="1" MOZ_NO_REMOTE="1" "/App ... s" "localhost" "-foreground" "-no-remote" "-profile" "/var/folders/cw/xjzyfy5n66j891gn5v5jrth80000gn/T/rust_mozprofileuKywzA"
*** You are running in headless mode.
console.warn: services.settings: Ignoring preference override of remote settings server
console.warn: services.settings: Allow by setting MOZ_REMOTE_SETTINGS_DEVTOOLS=1 in the environment
1680885556758	Marionette	INFO	Marionette enabled
1680885556922	Marionette	INFO	Listening on port 52400
console.error: "Warning: unrecognized command line flag -remote-allow-hosts\n"
Read port: 52400
WebDriver BiDi listening on ws://127.0.0.1:52392
1680885557249	RemoteAgent	WARN	TLS certificate errors will be ignored for this session
[GFX1-]: RenderCompositorSWGL failed mapping default framebuffer, no dt
console.warn: SearchSettings: "get: No settings file exists, new profile?" (new NotFoundError("Could not open the file at /var/folders/cw/xjzyfy5n66j891gn5v5jrth80000gn/T/rust_mozprofileuKywzA/search.json.mozlz4", (void 0)))
DevTools listening on ws://127.0.0.1:52392/devtools/browser/7b147bf2-b534-40b9-8b5e-827f02a3e5c0
1680885626404	Marionette	INFO	Stopped listening on port 52400
1680885628943	geckodriver	INFO	Listening on 127.0.0.1:52447
1680885629454	mozrunner::runner	INFO	Running command: MOZ_CRASHREPORTER="1" MOZ_CRASHREPORTER_NO_REPORT="1" MOZ_CRASHREPORTER_SHUTDOWN="1" MOZ_NO_REMOTE="1" "/App ... s" "localhost" "-foreground" "-no-remote" "-profile" "/var/folders/cw/xjzyfy5n66j891gn5v5jrth80000gn/T/rust_mozprofile6xjjhN"
*** You are running in headless mode.
console.warn: services.settings: Ignoring preference override of remote settings server
console.warn: services.settings: Allow by setting MOZ_REMOTE_SETTINGS_DEVTOOLS=1 in the environment
1680885629882	Marionette	INFO	Marionette enabled
1680885630048	Marionette	INFO	Listening on port 52455
Read port: 52455
console.error: "Warning: unrecognized command line flag -remote-allow-hosts\n"
WebDriver BiDi listening on ws://127.0.0.1:52448
1680885630361	RemoteAgent	WARN	TLS certificate errors will be ignored for this session
[GFX1-]: RenderCompositorSWGL failed mapping default framebuffer, no dt
console.warn: SearchSettings: "get: No settings file exists, new profile?" (new NotFoundError("Could not open the file at /var/folders/cw/xjzyfy5n66j891gn5v5jrth80000gn/T/rust_mozprofile6xjjhN/search.json.mozlz4", (void 0)))
DevTools listening on ws://127.0.0.1:52448/devtools/browser/4a5d74c2-c12c-42f5-b86e-2b24dc0532b4
1680885678392	Marionette	INFO	Stopped listening on port 52455
1680885793768	geckodriver	INFO	Listening on 127.0.0.1:52523
1680885794277	mozrunner::runner	INFO	Running command: MOZ_CRASHREPORTER="1" MOZ_CRASHREPORTER_NO_REPORT="1" MOZ_CRASHREPORTER_SHUTDOWN="1" MOZ_NO_REMOTE="1" "/App ... s" "localhost" "-foreground" "-no-remote" "-profile" "/var/folders/cw/xjzyfy5n66j891gn5v5jrth80000gn/T/rust_mozprofileF0RGhn"
*** You are running in headless mode.
console.warn: services.settings: Ignoring preference override of remote settings server
console.warn: services.settings: Allow by setting MOZ_REMOTE_SETTINGS_DEVTOOLS=1 in the environment
1680885794644	Marionette	INFO	Marionette enabled
1680885794787	Marionette	INFO	Listening on port 52531
Read port: 52531
console.error: "Warning: unrecognized command line flag -remote-allow-hosts\n"
WebDriver BiDi listening on ws://127.0.0.1:52524
1680885795120	RemoteAgent	WARN	TLS certificate errors will be ignored for this session
[GFX1-]: RenderCompositorSWGL failed mapping default framebuffer, no dt
console.warn: SearchSettings: "get: No settings file exists, new profile?" (new NotFoundError("Could not open the file at /var/folders/cw/xjzyfy5n66j891gn5v5jrth80000gn/T/rust_mozprofileF0RGhn/search.json.mozlz4", (void 0)))
DevTools listening on ws://127.0.0.1:52524/devtools/browser/b1644554-2e31-4008-906a-d8d86a11993d
1680885822827	Marionette	INFO	Stopped listening on port 52531
!!! error running onStopped callback: TypeError: callback is not a function
1680885825463	geckodriver	INFO	Listening on 127.0.0.1:52572
1680885825976	mozrunner::runner	INFO	Running command: MOZ_CRASHREPORTER="1" MOZ_CRASHREPORTER_NO_REPORT="1" MOZ_CRASHREPORTER_SHUTDOWN="1" MOZ_NO_REMOTE="1" "/App ... s" "localhost" "-foreground" "-no-remote" "-profile" "/var/folders/cw/xjzyfy5n66j891gn5v5jrth80000gn/T/rust_mozprofileEYjI2i"
*** You are running in headless mode.
console.warn: services.settings: Ignoring preference override of remote settings server
console.warn: services.settings: Allow by setting MOZ_REMOTE_SETTINGS_DEVTOOLS=1 in the environment
1680885826487	Marionette	INFO	Marionette enabled
1680885826614	Marionette	INFO	Listening on port 52580
Read port: 52580
console.error: "Warning: unrecognized command line flag -remote-allow-hosts\n"
WebDriver BiDi listening on ws://127.0.0.1:52573
1680885827456	RemoteAgent	WARN	TLS certificate errors will be ignored for this session
[GFX1-]: RenderCompositorSWGL failed mapping default framebuffer, no dt
console.warn: SearchSettings: "get: No settings file exists, new profile?" (new NotFoundError("Could not open the file at /var/folders/cw/xjzyfy5n66j891gn5v5jrth80000gn/T/rust_mozprofileEYjI2i/search.json.mozlz4", (void 0)))
DevTools listening on ws://127.0.0.1:52573/devtools/browser/39352be7-8de9-460f-9325-7f286a55a722
Exiting due to channel error.
Exiting due to channel error.
Exiting due to channel error.
Exiting due to channel error.
Exiting due to channel error.
